[2026-01-17T10:29:06.854+0000] {taskinstance.py:1157} INFO - Dependencies all met for dep_context=non-requeueable deps ti=<TaskInstance: icp_gold_delivery_pipeline_v3.load_to_silver_layer manual__2026-01-17T09:51:38.899340+00:00 [queued]>
[2026-01-17T10:29:06.870+0000] {taskinstance.py:1157} INFO - Dependencies all met for dep_context=requeueable deps ti=<TaskInstance: icp_gold_delivery_pipeline_v3.load_to_silver_layer manual__2026-01-17T09:51:38.899340+00:00 [queued]>
[2026-01-17T10:29:06.871+0000] {taskinstance.py:1359} INFO - Starting attempt 8 of 9
[2026-01-17T10:29:06.896+0000] {taskinstance.py:1380} INFO - Executing <Task(_PythonDecoratedOperator): load_to_silver_layer> on 2026-01-17 09:51:38.899340+00:00
[2026-01-17T10:29:06.911+0000] {standard_task_runner.py:57} INFO - Started process 1107 to run task
[2026-01-17T10:29:06.919+0000] {standard_task_runner.py:84} INFO - Running: ['airflow', 'tasks', 'run', 'icp_gold_delivery_pipeline_v3', 'load_to_silver_layer', 'manual__2026-01-17T09:51:38.899340+00:00', '--job-id', '103', '--raw', '--subdir', 'DAGS_FOLDER/delivery_pipeline_dag.py', '--cfg-path', '/tmp/tmplenhmu7o']
[2026-01-17T10:29:06.924+0000] {standard_task_runner.py:85} INFO - Job 103: Subtask load_to_silver_layer
[2026-01-17T10:29:06.659+0000] {task_command.py:415} INFO - Running <TaskInstance: icp_gold_delivery_pipeline_v3.load_to_silver_layer manual__2026-01-17T09:51:38.899340+00:00 [running]> on host 3cea76fcd8fd
[2026-01-17T10:29:10.452+0000] {taskinstance.py:1660} INFO - Exporting env vars: AIRFLOW_CTX_DAG_OWNER='Grace Irungu' AIRFLOW_CTX_DAG_ID='icp_gold_delivery_pipeline_v3' AIRFLOW_CTX_TASK_ID='load_to_silver_layer' AIRFLOW_CTX_EXECUTION_DATE='2026-01-17T09:51:38.899340+00:00' AIRFLOW_CTX_TRY_NUMBER='8' AIRFLOW_CTX_DAG_RUN_ID='manual__2026-01-17T09:51:38.899340+00:00'
[2026-01-17T10:29:10.462+0000] {taskinstance.py:1935} ERROR - Task failed with exception
Traceback (most recent call last):
  File "/home/airflow/.local/lib/python3.8/site-packages/airflow/decorators/base.py", line 221, in execute
    return_value = super().execute(context)
  File "/home/airflow/.local/lib/python3.8/site-packages/airflow/operators/python.py", line 192, in execute
    return_value = self.execute_callable()
  File "/home/airflow/.local/lib/python3.8/site-packages/airflow/operators/python.py", line 209, in execute_callable
    return self.python_callable(*self.op_args, **self.op_kwargs)
  File "/opt/airflow/dags/delivery_pipeline_dag.py", line 64, in load_to_silver_layer
    data_to_insert = df[['quote', 'author']].values.tolist()
  File "/home/airflow/.local/lib/python3.8/site-packages/pandas/core/frame.py", line 3767, in __getitem__
    indexer = self.columns._get_indexer_strict(key, "columns")[1]
  File "/home/airflow/.local/lib/python3.8/site-packages/pandas/core/indexes/base.py", line 5877, in _get_indexer_strict
    self._raise_if_missing(keyarr, indexer, axis_name)
  File "/home/airflow/.local/lib/python3.8/site-packages/pandas/core/indexes/base.py", line 5938, in _raise_if_missing
    raise KeyError(f"None of [{key}] are in the [{axis_name}]")
KeyError: "None of [Index(['quote', 'author'], dtype='object')] are in the [columns]"
[2026-01-17T10:29:10.484+0000] {taskinstance.py:1398} INFO - Marking task as UP_FOR_RETRY. dag_id=icp_gold_delivery_pipeline_v3, task_id=load_to_silver_layer, execution_date=20260117T095138, start_date=20260117T102906, end_date=20260117T102910
[2026-01-17T10:29:10.508+0000] {standard_task_runner.py:104} ERROR - Failed to execute job 103 for task load_to_silver_layer ("None of [Index(['quote', 'author'], dtype='object')] are in the [columns]"; 1107)
[2026-01-17T10:29:10.573+0000] {local_task_job_runner.py:228} INFO - Task exited with return code 1
[2026-01-17T10:29:10.607+0000] {taskinstance.py:2776} INFO - 0 downstream tasks scheduled from follow-on schedule check
